;  LST file generated by mikroListExporter - v.2.0 
; Date/Time: 2/23/2026 12:09:12 AM
;----------------------------------------------

;Opcode 	ASM
0x2A29      	GOTO       553
_GPIO_SetPinValue:
;GPIO.c,53 :: 		void GPIO_SetPinValue(u8 Port, u8 Pin, u8 Value)
;GPIO.c,55 :: 		switch(Port)
0x28AC      	GOTO       L_GPIO_SetPinValue18
;GPIO.c,57 :: 		case GPIO_PORTA:
L_GPIO_SetPinValue20:
;GPIO.c,58 :: 		if(Value == GPIO_HIGH)
0x1283      	BCF        STATUS, 5
0x1303      	BCF        STATUS, 6
0x0828      	MOVF       FARG_GPIO_SetPinValue_Value, 0
0x3A01      	XORLW      1
0x1D03      	BTFSS      STATUS, 2
0x2818      	GOTO       L_GPIO_SetPinValue21
;GPIO.c,59 :: 		SET_BIT(PORTA, Pin);
0x0827      	MOVF       FARG_GPIO_SetPinValue_Pin, 0
0x00F1      	MOVWF      R1
0x3001      	MOVLW      1
0x00F0      	MOVWF      R0
0x0871      	MOVF       R1, 0
L__GPIO_SetPinValue66:
0x1903      	BTFSC      STATUS, 2
0x2815      	GOTO       L__GPIO_SetPinValue67
0x0DF0      	RLF        R0, 1
0x1070      	BCF        R0, 0
0x3EFF      	ADDLW      255
0x280F      	GOTO       L__GPIO_SetPinValue66
L__GPIO_SetPinValue67:
0x0870      	MOVF       R0, 0
0x0485      	IORWF      PORTA, 1
0x2826      	GOTO       L_GPIO_SetPinValue22
L_GPIO_SetPinValue21:
;GPIO.c,61 :: 		CLR_BIT(PORTA, Pin);
0x0827      	MOVF       FARG_GPIO_SetPinValue_Pin, 0
0x00F1      	MOVWF      R1
0x3001      	MOVLW      1
0x00F0      	MOVWF      R0
0x0871      	MOVF       R1, 0
L__GPIO_SetPinValue68:
0x1903      	BTFSC      STATUS, 2
0x2823      	GOTO       L__GPIO_SetPinValue69
0x0DF0      	RLF        R0, 1
0x1070      	BCF        R0, 0
0x3EFF      	ADDLW      255
0x281D      	GOTO       L__GPIO_SetPinValue68
L__GPIO_SetPinValue69:
0x09F0      	COMF       R0, 1
0x0870      	MOVF       R0, 0
0x0585      	ANDWF      PORTA, 1
L_GPIO_SetPinValue22:
;GPIO.c,62 :: 		break;
0x28C3      	GOTO       L_GPIO_SetPinValue19
;GPIO.c,64 :: 		case GPIO_PORTB:
L_GPIO_SetPinValue23:
;GPIO.c,65 :: 		if(Value == GPIO_HIGH)
0x0828      	MOVF       FARG_GPIO_SetPinValue_Value, 0
0x3A01      	XORLW      1
0x1D03      	BTFSS      STATUS, 2
0x2839      	GOTO       L_GPIO_SetPinValue24
;GPIO.c,66 :: 		SET_BIT(PORTB, Pin);
0x0827      	MOVF       FARG_GPIO_SetPinValue_Pin, 0
0x00F1      	MOVWF      R1
0x3001      	MOVLW      1
0x00F0      	MOVWF      R0
0x0871      	MOVF       R1, 0
L__GPIO_SetPinValue70:
0x1903      	BTFSC      STATUS, 2
0x2836      	GOTO       L__GPIO_SetPinValue71
0x0DF0      	RLF        R0, 1
0x1070      	BCF        R0, 0
0x3EFF      	ADDLW      255
0x2830      	GOTO       L__GPIO_SetPinValue70
L__GPIO_SetPinValue71:
0x0870      	MOVF       R0, 0
0x0486      	IORWF      PORTB, 1
0x2847      	GOTO       L_GPIO_SetPinValue25
L_GPIO_SetPinValue24:
;GPIO.c,68 :: 		CLR_BIT(PORTB, Pin);
0x0827      	MOVF       FARG_GPIO_SetPinValue_Pin, 0
0x00F1      	MOVWF      R1
0x3001      	MOVLW      1
0x00F0      	MOVWF      R0
0x0871      	MOVF       R1, 0
L__GPIO_SetPinValue72:
0x1903      	BTFSC      STATUS, 2
0x2844      	GOTO       L__GPIO_SetPinValue73
0x0DF0      	RLF        R0, 1
0x1070      	BCF        R0, 0
0x3EFF      	ADDLW      255
0x283E      	GOTO       L__GPIO_SetPinValue72
L__GPIO_SetPinValue73:
0x09F0      	COMF       R0, 1
0x0870      	MOVF       R0, 0
0x0586      	ANDWF      PORTB, 1
L_GPIO_SetPinValue25:
;GPIO.c,69 :: 		break;
0x28C3      	GOTO       L_GPIO_SetPinValue19
;GPIO.c,71 :: 		case GPIO_PORTC:
L_GPIO_SetPinValue26:
;GPIO.c,72 :: 		if(Value == GPIO_HIGH)
0x0828      	MOVF       FARG_GPIO_SetPinValue_Value, 0
0x3A01      	XORLW      1
0x1D03      	BTFSS      STATUS, 2
0x285A      	GOTO       L_GPIO_SetPinValue27
;GPIO.c,73 :: 		SET_BIT(PORTC, Pin);
0x0827      	MOVF       FARG_GPIO_SetPinValue_Pin, 0
0x00F1      	MOVWF      R1
0x3001      	MOVLW      1
0x00F0      	MOVWF      R0
0x0871      	MOVF       R1, 0
L__GPIO_SetPinValue74:
0x1903      	BTFSC      STATUS, 2
0x2857      	GOTO       L__GPIO_SetPinValue75
0x0DF0      	RLF        R0, 1
0x1070      	BCF        R0, 0
0x3EFF      	ADDLW      255
0x2851      	GOTO       L__GPIO_SetPinValue74
L__GPIO_SetPinValue75:
0x0870      	MOVF       R0, 0
0x0487      	IORWF      PORTC, 1
0x2868      	GOTO       L_GPIO_SetPinValue28
L_GPIO_SetPinValue27:
;GPIO.c,75 :: 		CLR_BIT(PORTC, Pin);
0x0827      	MOVF       FARG_GPIO_SetPinValue_Pin, 0
0x00F1      	MOVWF      R1
0x3001      	MOVLW      1
0x00F0      	MOVWF      R0
0x0871      	MOVF       R1, 0
L__GPIO_SetPinValue76:
0x1903      	BTFSC      STATUS, 2
0x2865      	GOTO       L__GPIO_SetPinValue77
0x0DF0      	RLF        R0, 1
0x1070      	BCF        R0, 0
0x3EFF      	ADDLW      255
0x285F      	GOTO       L__GPIO_SetPinValue76
L__GPIO_SetPinValue77:
0x09F0      	COMF       R0, 1
0x0870      	MOVF       R0, 0
0x0587      	ANDWF      PORTC, 1
L_GPIO_SetPinValue28:
;GPIO.c,76 :: 		break;
0x28C3      	GOTO       L_GPIO_SetPinValue19
;GPIO.c,78 :: 		case GPIO_PORTD:
L_GPIO_SetPinValue29:
;GPIO.c,79 :: 		if(Value == GPIO_HIGH)
0x0828      	MOVF       FARG_GPIO_SetPinValue_Value, 0
0x3A01      	XORLW      1
0x1D03      	BTFSS      STATUS, 2
0x287B      	GOTO       L_GPIO_SetPinValue30
;GPIO.c,80 :: 		SET_BIT(PORTD, Pin);
0x0827      	MOVF       FARG_GPIO_SetPinValue_Pin, 0
0x00F1      	MOVWF      R1
0x3001      	MOVLW      1
0x00F0      	MOVWF      R0
0x0871      	MOVF       R1, 0
L__GPIO_SetPinValue78:
0x1903      	BTFSC      STATUS, 2
0x2878      	GOTO       L__GPIO_SetPinValue79
0x0DF0      	RLF        R0, 1
0x1070      	BCF        R0, 0
0x3EFF      	ADDLW      255
0x2872      	GOTO       L__GPIO_SetPinValue78
L__GPIO_SetPinValue79:
0x0870      	MOVF       R0, 0
0x0488      	IORWF      PORTD, 1
0x2889      	GOTO       L_GPIO_SetPinValue31
L_GPIO_SetPinValue30:
;GPIO.c,82 :: 		CLR_BIT(PORTD, Pin);
0x0827      	MOVF       FARG_GPIO_SetPinValue_Pin, 0
0x00F1      	MOVWF      R1
0x3001      	MOVLW      1
0x00F0      	MOVWF      R0
0x0871      	MOVF       R1, 0
L__GPIO_SetPinValue80:
0x1903      	BTFSC      STATUS, 2
0x2886      	GOTO       L__GPIO_SetPinValue81
0x0DF0      	RLF        R0, 1
0x1070      	BCF        R0, 0
0x3EFF      	ADDLW      255
0x2880      	GOTO       L__GPIO_SetPinValue80
L__GPIO_SetPinValue81:
0x09F0      	COMF       R0, 1
0x0870      	MOVF       R0, 0
0x0588      	ANDWF      PORTD, 1
L_GPIO_SetPinValue31:
;GPIO.c,83 :: 		break;
0x28C3      	GOTO       L_GPIO_SetPinValue19
;GPIO.c,85 :: 		case GPIO_PORTE:
L_GPIO_SetPinValue32:
;GPIO.c,86 :: 		if(Value == GPIO_HIGH)
0x0828      	MOVF       FARG_GPIO_SetPinValue_Value, 0
0x3A01      	XORLW      1
0x1D03      	BTFSS      STATUS, 2
0x289C      	GOTO       L_GPIO_SetPinValue33
;GPIO.c,87 :: 		SET_BIT(PORTE, Pin);
0x0827      	MOVF       FARG_GPIO_SetPinValue_Pin, 0
0x00F1      	MOVWF      R1
0x3001      	MOVLW      1
0x00F0      	MOVWF      R0
0x0871      	MOVF       R1, 0
L__GPIO_SetPinValue82:
0x1903      	BTFSC      STATUS, 2
0x2899      	GOTO       L__GPIO_SetPinValue83
0x0DF0      	RLF        R0, 1
0x1070      	BCF        R0, 0
0x3EFF      	ADDLW      255
0x2893      	GOTO       L__GPIO_SetPinValue82
L__GPIO_SetPinValue83:
0x0870      	MOVF       R0, 0
0x0489      	IORWF      PORTE, 1
0x28AA      	GOTO       L_GPIO_SetPinValue34
L_GPIO_SetPinValue33:
;GPIO.c,89 :: 		CLR_BIT(PORTE, Pin);
0x0827      	MOVF       FARG_GPIO_SetPinValue_Pin, 0
0x00F1      	MOVWF      R1
0x3001      	MOVLW      1
0x00F0      	MOVWF      R0
0x0871      	MOVF       R1, 0
L__GPIO_SetPinValue84:
0x1903      	BTFSC      STATUS, 2
0x28A7      	GOTO       L__GPIO_SetPinValue85
0x0DF0      	RLF        R0, 1
0x1070      	BCF        R0, 0
0x3EFF      	ADDLW      255
0x28A1      	GOTO       L__GPIO_SetPinValue84
L__GPIO_SetPinValue85:
0x09F0      	COMF       R0, 1
0x0870      	MOVF       R0, 0
0x0589      	ANDWF      PORTE, 1
L_GPIO_SetPinValue34:
;GPIO.c,90 :: 		break;
0x28C3      	GOTO       L_GPIO_SetPinValue19
;GPIO.c,92 :: 		default:
L_GPIO_SetPinValue35:
;GPIO.c,93 :: 		break;
0x28C3      	GOTO       L_GPIO_SetPinValue19
;GPIO.c,94 :: 		}
L_GPIO_SetPinValue18:
0x1283      	BCF        STATUS, 5
0x1303      	BCF        STATUS, 6
0x0826      	MOVF       FARG_GPIO_SetPinValue_Port, 0
0x3A00      	XORLW      0
0x1903      	BTFSC      STATUS, 2
0x2804      	GOTO       L_GPIO_SetPinValue20
0x0826      	MOVF       FARG_GPIO_SetPinValue_Port, 0
0x3A01      	XORLW      1
0x1903      	BTFSC      STATUS, 2
0x2827      	GOTO       L_GPIO_SetPinValue23
0x0826      	MOVF       FARG_GPIO_SetPinValue_Port, 0
0x3A02      	XORLW      2
0x1903      	BTFSC      STATUS, 2
0x2848      	GOTO       L_GPIO_SetPinValue26
0x0826      	MOVF       FARG_GPIO_SetPinValue_Port, 0
0x3A03      	XORLW      3
0x1903      	BTFSC      STATUS, 2
0x2869      	GOTO       L_GPIO_SetPinValue29
0x0826      	MOVF       FARG_GPIO_SetPinValue_Port, 0
0x3A04      	XORLW      4
0x1903      	BTFSC      STATUS, 2
0x288A      	GOTO       L_GPIO_SetPinValue32
0x28AB      	GOTO       L_GPIO_SetPinValue35
L_GPIO_SetPinValue19:
;GPIO.c,95 :: 		}
L_end_GPIO_SetPinValue:
0x0008      	RETURN
; end of _GPIO_SetPinValue
_GPIO_GetPinValue:
;GPIO.c,98 :: 		u8 GPIO_GetPinValue(u8 Port, u8 Pin)
;GPIO.c,100 :: 		u8 Local_Value = 0;
0x1283      	BCF        STATUS, 5
0x1303      	BCF        STATUS, 6
0x01A8      	CLRF       GPIO_GetPinValue_Local_Value_L0
;GPIO.c,102 :: 		switch(Port)
0x290F      	GOTO       L_GPIO_GetPinValue36
;GPIO.c,104 :: 		case GPIO_PORTA:
L_GPIO_GetPinValue38:
;GPIO.c,105 :: 		Local_Value = GET_BIT(PORTA, Pin);
0x0827      	MOVF       FARG_GPIO_GetPinValue_Pin, 0
0x00F0      	MOVWF      R0
0x0805      	MOVF       PORTA, 0
0x00A8      	MOVWF      GPIO_GetPinValue_Local_Value_L0
0x0870      	MOVF       R0, 0
L__GPIO_GetPinValue87:
0x1903      	BTFSC      STATUS, 2
0x28D3      	GOTO       L__GPIO_GetPinValue88
0x0CA8      	RRF        GPIO_GetPinValue_Local_Value_L0, 1
0x13A8      	BCF        GPIO_GetPinValue_Local_Value_L0, 7
0x3EFF      	ADDLW      255
0x28CD      	GOTO       L__GPIO_GetPinValue87
L__GPIO_GetPinValue88:
0x3001      	MOVLW      1
0x05A8      	ANDWF      GPIO_GetPinValue_Local_Value_L0, 1
;GPIO.c,106 :: 		break;
0x2924      	GOTO       L_GPIO_GetPinValue37
;GPIO.c,108 :: 		case GPIO_PORTB:
L_GPIO_GetPinValue39:
;GPIO.c,109 :: 		Local_Value = GET_BIT(PORTB, Pin);
0x0827      	MOVF       FARG_GPIO_GetPinValue_Pin, 0
0x00F0      	MOVWF      R0
0x0806      	MOVF       PORTB, 0
0x00A8      	MOVWF      GPIO_GetPinValue_Local_Value_L0
0x0870      	MOVF       R0, 0
L__GPIO_GetPinValue89:
0x1903      	BTFSC      STATUS, 2
0x28E1      	GOTO       L__GPIO_GetPinValue90
0x0CA8      	RRF        GPIO_GetPinValue_Local_Value_L0, 1
0x13A8      	BCF        GPIO_GetPinValue_Local_Value_L0, 7
0x3EFF      	ADDLW      255
0x28DB      	GOTO       L__GPIO_GetPinValue89
L__GPIO_GetPinValue90:
0x3001      	MOVLW      1
0x05A8      	ANDWF      GPIO_GetPinValue_Local_Value_L0, 1
;GPIO.c,110 :: 		break;
0x2924      	GOTO       L_GPIO_GetPinValue37
;GPIO.c,112 :: 		case GPIO_PORTC:
L_GPIO_GetPinValue40:
;GPIO.c,113 :: 		Local_Value = GET_BIT(PORTC, Pin);
0x0827      	MOVF       FARG_GPIO_GetPinValue_Pin, 0
0x00F0      	MOVWF      R0
0x0807      	MOVF       PORTC, 0
0x00A8      	MOVWF      GPIO_GetPinValue_Local_Value_L0
0x0870      	MOVF       R0, 0
L__GPIO_GetPinValue91:
0x1903      	BTFSC      STATUS, 2
0x28EF      	GOTO       L__GPIO_GetPinValue92
0x0CA8      	RRF        GPIO_GetPinValue_Local_Value_L0, 1
0x13A8      	BCF        GPIO_GetPinValue_Local_Value_L0, 7
0x3EFF      	ADDLW      255
0x28E9      	GOTO       L__GPIO_GetPinValue91
L__GPIO_GetPinValue92:
0x3001      	MOVLW      1
0x05A8      	ANDWF      GPIO_GetPinValue_Local_Value_L0, 1
;GPIO.c,114 :: 		break;
0x2924      	GOTO       L_GPIO_GetPinValue37
;GPIO.c,116 :: 		case GPIO_PORTD:
L_GPIO_GetPinValue41:
;GPIO.c,117 :: 		Local_Value = GET_BIT(PORTD, Pin);
0x0827      	MOVF       FARG_GPIO_GetPinValue_Pin, 0
0x00F0      	MOVWF      R0
0x0808      	MOVF       PORTD, 0
0x00A8      	MOVWF      GPIO_GetPinValue_Local_Value_L0
0x0870      	MOVF       R0, 0
L__GPIO_GetPinValue93:
0x1903      	BTFSC      STATUS, 2
0x28FD      	GOTO       L__GPIO_GetPinValue94
0x0CA8      	RRF        GPIO_GetPinValue_Local_Value_L0, 1
0x13A8      	BCF        GPIO_GetPinValue_Local_Value_L0, 7
0x3EFF      	ADDLW      255
0x28F7      	GOTO       L__GPIO_GetPinValue93
L__GPIO_GetPinValue94:
0x3001      	MOVLW      1
0x05A8      	ANDWF      GPIO_GetPinValue_Local_Value_L0, 1
;GPIO.c,118 :: 		break;
0x2924      	GOTO       L_GPIO_GetPinValue37
;GPIO.c,120 :: 		case GPIO_PORTE:
L_GPIO_GetPinValue42:
;GPIO.c,121 :: 		Local_Value = GET_BIT(PORTE, Pin);
0x0827      	MOVF       FARG_GPIO_GetPinValue_Pin, 0
0x00F0      	MOVWF      R0
0x0809      	MOVF       PORTE, 0
0x00A8      	MOVWF      GPIO_GetPinValue_Local_Value_L0
0x0870      	MOVF       R0, 0
L__GPIO_GetPinValue95:
0x1903      	BTFSC      STATUS, 2
0x290B      	GOTO       L__GPIO_GetPinValue96
0x0CA8      	RRF        GPIO_GetPinValue_Local_Value_L0, 1
0x13A8      	BCF        GPIO_GetPinValue_Local_Value_L0, 7
0x3EFF      	ADDLW      255
0x2905      	GOTO       L__GPIO_GetPinValue95
L__GPIO_GetPinValue96:
0x3001      	MOVLW      1
0x05A8      	ANDWF      GPIO_GetPinValue_Local_Value_L0, 1
;GPIO.c,122 :: 		break;
0x2924      	GOTO       L_GPIO_GetPinValue37
;GPIO.c,124 :: 		default:
L_GPIO_GetPinValue43:
;GPIO.c,125 :: 		break;
0x2924      	GOTO       L_GPIO_GetPinValue37
;GPIO.c,126 :: 		}
L_GPIO_GetPinValue36:
0x0826      	MOVF       FARG_GPIO_GetPinValue_Port, 0
0x3A00      	XORLW      0
0x1903      	BTFSC      STATUS, 2
0x28C8      	GOTO       L_GPIO_GetPinValue38
0x0826      	MOVF       FARG_GPIO_GetPinValue_Port, 0
0x3A01      	XORLW      1
0x1903      	BTFSC      STATUS, 2
0x28D6      	GOTO       L_GPIO_GetPinValue39
0x0826      	MOVF       FARG_GPIO_GetPinValue_Port, 0
0x3A02      	XORLW      2
0x1903      	BTFSC      STATUS, 2
0x28E4      	GOTO       L_GPIO_GetPinValue40
0x0826      	MOVF       FARG_GPIO_GetPinValue_Port, 0
0x3A03      	XORLW      3
0x1903      	BTFSC      STATUS, 2
0x28F2      	GOTO       L_GPIO_GetPinValue41
0x0826      	MOVF       FARG_GPIO_GetPinValue_Port, 0
0x3A04      	XORLW      4
0x1903      	BTFSC      STATUS, 2
0x2900      	GOTO       L_GPIO_GetPinValue42
0x290E      	GOTO       L_GPIO_GetPinValue43
L_GPIO_GetPinValue37:
;GPIO.c,128 :: 		return Local_Value;
0x0828      	MOVF       GPIO_GetPinValue_Local_Value_L0, 0
0x00F0      	MOVWF      R0
;GPIO.c,129 :: 		}
L_end_GPIO_GetPinValue:
0x0008      	RETURN
; end of _GPIO_GetPinValue
_GPIO_SetPinDirection:
;GPIO.c,8 :: 		void GPIO_SetPinDirection(u8 Port, u8 Pin, u8 Direction)
;GPIO.c,10 :: 		switch(Port)
0x29E3      	GOTO       L_GPIO_SetPinDirection0
;GPIO.c,12 :: 		case GPIO_PORTA:
L_GPIO_SetPinDirection2:
;GPIO.c,13 :: 		if(Direction == GPIO_OUTPUT)
0x1283      	BCF        STATUS, 5
0x1303      	BCF        STATUS, 6
0x0828      	MOVF       FARG_GPIO_SetPinDirection_Direction, 0
0x3A00      	XORLW      0
0x1D03      	BTFSS      STATUS, 2
0x293E      	GOTO       L_GPIO_SetPinDirection3
;GPIO.c,14 :: 		CLR_BIT(TRISA, Pin);
0x0827      	MOVF       FARG_GPIO_SetPinDirection_Pin, 0
0x00F1      	MOVWF      R1
0x3001      	MOVLW      1
0x00F0      	MOVWF      R0
0x0871      	MOVF       R1, 0
L__GPIO_SetPinDirection45:
0x1903      	BTFSC      STATUS, 2
0x2939      	GOTO       L__GPIO_SetPinDirection46
0x0DF0      	RLF        R0, 1
0x1070      	BCF        R0, 0
0x3EFF      	ADDLW      255
0x2933      	GOTO       L__GPIO_SetPinDirection45
L__GPIO_SetPinDirection46:
0x09F0      	COMF       R0, 1
0x0870      	MOVF       R0, 0
0x1683      	BSF        STATUS, 5
0x0585      	ANDWF      TRISA, 1
0x294D      	GOTO       L_GPIO_SetPinDirection4
L_GPIO_SetPinDirection3:
;GPIO.c,16 :: 		SET_BIT(TRISA, Pin);
0x1283      	BCF        STATUS, 5
0x0827      	MOVF       FARG_GPIO_SetPinDirection_Pin, 0
0x00F1      	MOVWF      R1
0x3001      	MOVLW      1
0x00F0      	MOVWF      R0
0x0871      	MOVF       R1, 0
L__GPIO_SetPinDirection47:
0x1903      	BTFSC      STATUS, 2
0x294A      	GOTO       L__GPIO_SetPinDirection48
0x0DF0      	RLF        R0, 1
0x1070      	BCF        R0, 0
0x3EFF      	ADDLW      255
0x2944      	GOTO       L__GPIO_SetPinDirection47
L__GPIO_SetPinDirection48:
0x0870      	MOVF       R0, 0
0x1683      	BSF        STATUS, 5
0x0485      	IORWF      TRISA, 1
L_GPIO_SetPinDirection4:
;GPIO.c,17 :: 		break;
0x29FA      	GOTO       L_GPIO_SetPinDirection1
;GPIO.c,19 :: 		case GPIO_PORTB:
L_GPIO_SetPinDirection5:
;GPIO.c,20 :: 		if(Direction == GPIO_OUTPUT)
0x1283      	BCF        STATUS, 5
0x0828      	MOVF       FARG_GPIO_SetPinDirection_Direction, 0
0x3A00      	XORLW      0
0x1D03      	BTFSS      STATUS, 2
0x2963      	GOTO       L_GPIO_SetPinDirection6
;GPIO.c,21 :: 		CLR_BIT(TRISB, Pin);
0x0827      	MOVF       FARG_GPIO_SetPinDirection_Pin, 0
0x00F1      	MOVWF      R1
0x3001      	MOVLW      1
0x00F0      	MOVWF      R0
0x0871      	MOVF       R1, 0
L__GPIO_SetPinDirection49:
0x1903      	BTFSC      STATUS, 2
0x295E      	GOTO       L__GPIO_SetPinDirection50
0x0DF0      	RLF        R0, 1
0x1070      	BCF        R0, 0
0x3EFF      	ADDLW      255
0x2958      	GOTO       L__GPIO_SetPinDirection49
L__GPIO_SetPinDirection50:
0x09F0      	COMF       R0, 1
0x0870      	MOVF       R0, 0
0x1683      	BSF        STATUS, 5
0x0586      	ANDWF      TRISB, 1
0x2972      	GOTO       L_GPIO_SetPinDirection7
L_GPIO_SetPinDirection6:
;GPIO.c,23 :: 		SET_BIT(TRISB, Pin);
0x1283      	BCF        STATUS, 5
0x0827      	MOVF       FARG_GPIO_SetPinDirection_Pin, 0
0x00F1      	MOVWF      R1
0x3001      	MOVLW      1
0x00F0      	MOVWF      R0
0x0871      	MOVF       R1, 0
L__GPIO_SetPinDirection51:
0x1903      	BTFSC      STATUS, 2
0x296F      	GOTO       L__GPIO_SetPinDirection52
0x0DF0      	RLF        R0, 1
0x1070      	BCF        R0, 0
0x3EFF      	ADDLW      255
0x2969      	GOTO       L__GPIO_SetPinDirection51
L__GPIO_SetPinDirection52:
0x0870      	MOVF       R0, 0
0x1683      	BSF        STATUS, 5
0x0486      	IORWF      TRISB, 1
L_GPIO_SetPinDirection7:
;GPIO.c,24 :: 		break;
0x29FA      	GOTO       L_GPIO_SetPinDirection1
;GPIO.c,26 :: 		case GPIO_PORTC:
L_GPIO_SetPinDirection8:
;GPIO.c,27 :: 		if(Direction == GPIO_OUTPUT)
0x1283      	BCF        STATUS, 5
0x0828      	MOVF       FARG_GPIO_SetPinDirection_Direction, 0
0x3A00      	XORLW      0
0x1D03      	BTFSS      STATUS, 2
0x2988      	GOTO       L_GPIO_SetPinDirection9
;GPIO.c,28 :: 		CLR_BIT(TRISC, Pin);
0x0827      	MOVF       FARG_GPIO_SetPinDirection_Pin, 0
0x00F1      	MOVWF      R1
0x3001      	MOVLW      1
0x00F0      	MOVWF      R0
0x0871      	MOVF       R1, 0
L__GPIO_SetPinDirection53:
0x1903      	BTFSC      STATUS, 2
0x2983      	GOTO       L__GPIO_SetPinDirection54
0x0DF0      	RLF        R0, 1
0x1070      	BCF        R0, 0
0x3EFF      	ADDLW      255
0x297D      	GOTO       L__GPIO_SetPinDirection53
L__GPIO_SetPinDirection54:
0x09F0      	COMF       R0, 1
0x0870      	MOVF       R0, 0
0x1683      	BSF        STATUS, 5
0x0587      	ANDWF      TRISC, 1
0x2997      	GOTO       L_GPIO_SetPinDirection10
L_GPIO_SetPinDirection9:
;GPIO.c,30 :: 		SET_BIT(TRISC, Pin);
0x1283      	BCF        STATUS, 5
0x0827      	MOVF       FARG_GPIO_SetPinDirection_Pin, 0
0x00F1      	MOVWF      R1
0x3001      	MOVLW      1
0x00F0      	MOVWF      R0
0x0871      	MOVF       R1, 0
L__GPIO_SetPinDirection55:
0x1903      	BTFSC      STATUS, 2
0x2994      	GOTO       L__GPIO_SetPinDirection56
0x0DF0      	RLF        R0, 1
0x1070      	BCF        R0, 0
0x3EFF      	ADDLW      255
0x298E      	GOTO       L__GPIO_SetPinDirection55
L__GPIO_SetPinDirection56:
0x0870      	MOVF       R0, 0
0x1683      	BSF        STATUS, 5
0x0487      	IORWF      TRISC, 1
L_GPIO_SetPinDirection10:
;GPIO.c,31 :: 		break;
0x29FA      	GOTO       L_GPIO_SetPinDirection1
;GPIO.c,33 :: 		case GPIO_PORTD:
L_GPIO_SetPinDirection11:
;GPIO.c,34 :: 		if(Direction == GPIO_OUTPUT)
0x1283      	BCF        STATUS, 5
0x0828      	MOVF       FARG_GPIO_SetPinDirection_Direction, 0
0x3A00      	XORLW      0
0x1D03      	BTFSS      STATUS, 2
0x29AD      	GOTO       L_GPIO_SetPinDirection12
;GPIO.c,35 :: 		CLR_BIT(TRISD, Pin);
0x0827      	MOVF       FARG_GPIO_SetPinDirection_Pin, 0
0x00F1      	MOVWF      R1
0x3001      	MOVLW      1
0x00F0      	MOVWF      R0
0x0871      	MOVF       R1, 0
L__GPIO_SetPinDirection57:
0x1903      	BTFSC      STATUS, 2
0x29A8      	GOTO       L__GPIO_SetPinDirection58
0x0DF0      	RLF        R0, 1
0x1070      	BCF        R0, 0
0x3EFF      	ADDLW      255
0x29A2      	GOTO       L__GPIO_SetPinDirection57
L__GPIO_SetPinDirection58:
0x09F0      	COMF       R0, 1
0x0870      	MOVF       R0, 0
0x1683      	BSF        STATUS, 5
0x0588      	ANDWF      TRISD, 1
0x29BC      	GOTO       L_GPIO_SetPinDirection13
L_GPIO_SetPinDirection12:
;GPIO.c,37 :: 		SET_BIT(TRISD, Pin);
0x1283      	BCF        STATUS, 5
0x0827      	MOVF       FARG_GPIO_SetPinDirection_Pin, 0
0x00F1      	MOVWF      R1
0x3001      	MOVLW      1
0x00F0      	MOVWF      R0
0x0871      	MOVF       R1, 0
L__GPIO_SetPinDirection59:
0x1903      	BTFSC      STATUS, 2
0x29B9      	GOTO       L__GPIO_SetPinDirection60
0x0DF0      	RLF        R0, 1
0x1070      	BCF        R0, 0
0x3EFF      	ADDLW      255
0x29B3      	GOTO       L__GPIO_SetPinDirection59
L__GPIO_SetPinDirection60:
0x0870      	MOVF       R0, 0
0x1683      	BSF        STATUS, 5
0x0488      	IORWF      TRISD, 1
L_GPIO_SetPinDirection13:
;GPIO.c,38 :: 		break;
0x29FA      	GOTO       L_GPIO_SetPinDirection1
;GPIO.c,40 :: 		case GPIO_PORTE:
L_GPIO_SetPinDirection14:
;GPIO.c,41 :: 		if(Direction == GPIO_OUTPUT)
0x1283      	BCF        STATUS, 5
0x0828      	MOVF       FARG_GPIO_SetPinDirection_Direction, 0
0x3A00      	XORLW      0
0x1D03      	BTFSS      STATUS, 2
0x29D2      	GOTO       L_GPIO_SetPinDirection15
;GPIO.c,42 :: 		CLR_BIT(TRISE, Pin);
0x0827      	MOVF       FARG_GPIO_SetPinDirection_Pin, 0
0x00F1      	MOVWF      R1
0x3001      	MOVLW      1
0x00F0      	MOVWF      R0
0x0871      	MOVF       R1, 0
L__GPIO_SetPinDirection61:
0x1903      	BTFSC      STATUS, 2
0x29CD      	GOTO       L__GPIO_SetPinDirection62
0x0DF0      	RLF        R0, 1
0x1070      	BCF        R0, 0
0x3EFF      	ADDLW      255
0x29C7      	GOTO       L__GPIO_SetPinDirection61
L__GPIO_SetPinDirection62:
0x09F0      	COMF       R0, 1
0x0870      	MOVF       R0, 0
0x1683      	BSF        STATUS, 5
0x0589      	ANDWF      TRISE, 1
0x29E1      	GOTO       L_GPIO_SetPinDirection16
L_GPIO_SetPinDirection15:
;GPIO.c,44 :: 		SET_BIT(TRISE, Pin);
0x1283      	BCF        STATUS, 5
0x0827      	MOVF       FARG_GPIO_SetPinDirection_Pin, 0
0x00F1      	MOVWF      R1
0x3001      	MOVLW      1
0x00F0      	MOVWF      R0
0x0871      	MOVF       R1, 0
L__GPIO_SetPinDirection63:
0x1903      	BTFSC      STATUS, 2
0x29DE      	GOTO       L__GPIO_SetPinDirection64
0x0DF0      	RLF        R0, 1
0x1070      	BCF        R0, 0
0x3EFF      	ADDLW      255
0x29D8      	GOTO       L__GPIO_SetPinDirection63
L__GPIO_SetPinDirection64:
0x0870      	MOVF       R0, 0
0x1683      	BSF        STATUS, 5
0x0489      	IORWF      TRISE, 1
L_GPIO_SetPinDirection16:
;GPIO.c,45 :: 		break;
0x29FA      	GOTO       L_GPIO_SetPinDirection1
;GPIO.c,47 :: 		default:
L_GPIO_SetPinDirection17:
;GPIO.c,48 :: 		break;
0x29FA      	GOTO       L_GPIO_SetPinDirection1
;GPIO.c,49 :: 		}
L_GPIO_SetPinDirection0:
0x1283      	BCF        STATUS, 5
0x1303      	BCF        STATUS, 6
0x0826      	MOVF       FARG_GPIO_SetPinDirection_Port, 0
0x3A00      	XORLW      0
0x1903      	BTFSC      STATUS, 2
0x2928      	GOTO       L_GPIO_SetPinDirection2
0x0826      	MOVF       FARG_GPIO_SetPinDirection_Port, 0
0x3A01      	XORLW      1
0x1903      	BTFSC      STATUS, 2
0x294E      	GOTO       L_GPIO_SetPinDirection5
0x0826      	MOVF       FARG_GPIO_SetPinDirection_Port, 0
0x3A02      	XORLW      2
0x1903      	BTFSC      STATUS, 2
0x2973      	GOTO       L_GPIO_SetPinDirection8
0x0826      	MOVF       FARG_GPIO_SetPinDirection_Port, 0
0x3A03      	XORLW      3
0x1903      	BTFSC      STATUS, 2
0x2998      	GOTO       L_GPIO_SetPinDirection11
0x0826      	MOVF       FARG_GPIO_SetPinDirection_Port, 0
0x3A04      	XORLW      4
0x1903      	BTFSC      STATUS, 2
0x29BD      	GOTO       L_GPIO_SetPinDirection14
0x29E2      	GOTO       L_GPIO_SetPinDirection17
L_GPIO_SetPinDirection1:
;GPIO.c,50 :: 		}
L_end_GPIO_SetPinDirection:
0x0008      	RETURN
; end of _GPIO_SetPinDirection
_SWITCH_Init:
;SWITCH.c,4 :: 		void SWITCH_Init(u8 Port, u8 Pin)
;SWITCH.c,6 :: 		GPIO_SetPinDirection(Port, Pin, GPIO_INPUT);
0x1283      	BCF        STATUS, 5
0x1303      	BCF        STATUS, 6
0x0824      	MOVF       FARG_SWITCH_Init_Port, 0
0x00A6      	MOVWF      FARG_GPIO_SetPinDirection_Port
0x0825      	MOVF       FARG_SWITCH_Init_Pin, 0
0x00A7      	MOVWF      FARG_GPIO_SetPinDirection_Pin
0x3001      	MOVLW      1
0x00A8      	MOVWF      FARG_GPIO_SetPinDirection_Direction
0x2127      	CALL       _GPIO_SetPinDirection
;SWITCH.c,7 :: 		}
L_end_SWITCH_Init:
0x0008      	RETURN
; end of _SWITCH_Init
_LED_Off:
;LED.c,14 :: 		void LED_Off(u8 Port, u8 Pin)
;LED.c,16 :: 		GPIO_SetPinValue(Port, Pin, GPIO_LOW);
0x1283      	BCF        STATUS, 5
0x1303      	BCF        STATUS, 6
0x0824      	MOVF       FARG_LED_Off_Port, 0
0x00A6      	MOVWF      FARG_GPIO_SetPinValue_Port
0x0825      	MOVF       FARG_LED_Off_Pin, 0
0x00A7      	MOVWF      FARG_GPIO_SetPinValue_Pin
0x01A8      	CLRF       FARG_GPIO_SetPinValue_Value
0x2003      	CALL       _GPIO_SetPinValue
;LED.c,17 :: 		}
L_end_LED_Off:
0x0008      	RETURN
; end of _LED_Off
_LED_Init:
;LED.c,4 :: 		void LED_Init(u8 Port, u8 Pin)
;LED.c,6 :: 		GPIO_SetPinDirection(Port, Pin, GPIO_OUTPUT);
0x1283      	BCF        STATUS, 5
0x1303      	BCF        STATUS, 6
0x0824      	MOVF       FARG_LED_Init_Port, 0
0x00A6      	MOVWF      FARG_GPIO_SetPinDirection_Port
0x0825      	MOVF       FARG_LED_Init_Pin, 0
0x00A7      	MOVWF      FARG_GPIO_SetPinDirection_Pin
0x01A8      	CLRF       FARG_GPIO_SetPinDirection_Direction
0x2127      	CALL       _GPIO_SetPinDirection
;LED.c,7 :: 		}
L_end_LED_Init:
0x0008      	RETURN
; end of _LED_Init
_LED_On:
;LED.c,9 :: 		void LED_On(u8 Port, u8 Pin)
;LED.c,11 :: 		GPIO_SetPinValue(Port, Pin, GPIO_HIGH);
0x1283      	BCF        STATUS, 5
0x1303      	BCF        STATUS, 6
0x0824      	MOVF       FARG_LED_On_Port, 0
0x00A6      	MOVWF      FARG_GPIO_SetPinValue_Port
0x0825      	MOVF       FARG_LED_On_Pin, 0
0x00A7      	MOVWF      FARG_GPIO_SetPinValue_Pin
0x3001      	MOVLW      1
0x00A8      	MOVWF      FARG_GPIO_SetPinValue_Value
0x2003      	CALL       _GPIO_SetPinValue
;LED.c,12 :: 		}
L_end_LED_On:
0x0008      	RETURN
; end of _LED_On
_SWITCH_STATE:
;SWITCH.c,9 :: 		u8 SWITCH_STATE(u8 Port, u8 Pin)
;SWITCH.c,11 :: 		u8 state = GPIO_GetPinValue(Port, Pin);
0x1283      	BCF        STATUS, 5
0x1303      	BCF        STATUS, 6
0x0824      	MOVF       FARG_SWITCH_STATE_Port, 0
0x00A6      	MOVWF      FARG_GPIO_GetPinValue_Port
0x0825      	MOVF       FARG_SWITCH_STATE_Pin, 0
0x00A7      	MOVWF      FARG_GPIO_GetPinValue_Pin
0x20C4      	CALL       _GPIO_GetPinValue
;SWITCH.c,12 :: 		return state;
;SWITCH.c,13 :: 		}
L_end_SWITCH_STATE:
0x0008      	RETURN
; end of _SWITCH_STATE
_main:
;main.c,17 :: 		void main()
;main.c,19 :: 		LED_Init(GPIO_PORTB, GPIO_PIN1);
0x3001      	MOVLW      1
0x1283      	BCF        STATUS, 5
0x1303      	BCF        STATUS, 6
0x00A4      	MOVWF      FARG_LED_Init_Port
0x3001      	MOVLW      1
0x00A5      	MOVWF      FARG_LED_Init_Pin
0x220E      	CALL       _LED_Init
;main.c,20 :: 		LED_Init(GPIO_PORTC, GPIO_PIN0);
0x3002      	MOVLW      2
0x1283      	BCF        STATUS, 5
0x1303      	BCF        STATUS, 6
0x00A4      	MOVWF      FARG_LED_Init_Port
0x01A5      	CLRF       FARG_LED_Init_Pin
0x220E      	CALL       _LED_Init
;main.c,21 :: 		SWITCH_Init(GPIO_PORTA,GPIO_PIN0);
0x1283      	BCF        STATUS, 5
0x1303      	BCF        STATUS, 6
0x01A4      	CLRF       FARG_SWITCH_Init_Port
0x01A5      	CLRF       FARG_SWITCH_Init_Pin
0x21FB      	CALL       _SWITCH_Init
;main.c,22 :: 		SWITCH_Init(GPIO_PORTA,GPIO_PIN1);
0x1283      	BCF        STATUS, 5
0x1303      	BCF        STATUS, 6
0x01A4      	CLRF       FARG_SWITCH_Init_Port
0x3001      	MOVLW      1
0x00A5      	MOVWF      FARG_SWITCH_Init_Pin
0x21FB      	CALL       _SWITCH_Init
;main.c,24 :: 		while(1)
L_main3:
;main.c,26 :: 		u8 switch1 = SWITCH_STATE(GPIO_PORTA, GPIO_PIN0);
0x1283      	BCF        STATUS, 5
0x1303      	BCF        STATUS, 6
0x01A4      	CLRF       FARG_SWITCH_STATE_Port
0x01A5      	CLRF       FARG_SWITCH_STATE_Pin
0x2221      	CALL       _SWITCH_STATE
0x0870      	MOVF       R0, 0
0x00A2      	MOVWF      main_switch1_L1
;main.c,27 :: 		u8 switch2 = SWITCH_STATE(GPIO_PORTA, GPIO_PIN1);
0x01A4      	CLRF       FARG_SWITCH_STATE_Port
0x3001      	MOVLW      1
0x00A5      	MOVWF      FARG_SWITCH_STATE_Pin
0x2221      	CALL       _SWITCH_STATE
0x0870      	MOVF       R0, 0
0x00A3      	MOVWF      main_switch2_L1
;main.c,29 :: 		if(!switch1 && switch2)
0x0822      	MOVF       main_switch1_L1, 0
0x1D03      	BTFSS      STATUS, 2
0x2A7F      	GOTO       L_main7
0x0823      	MOVF       main_switch2_L1, 0
0x1903      	BTFSC      STATUS, 2
0x2A7F      	GOTO       L_main7
L__main18:
;main.c,31 :: 		LED_On(GPIO_PORTB, GPIO_PIN1);
0x3001      	MOVLW      1
0x00A4      	MOVWF      FARG_LED_On_Port
0x3001      	MOVLW      1
0x00A5      	MOVWF      FARG_LED_On_Pin
0x2217      	CALL       _LED_On
;main.c,32 :: 		LED_On(GPIO_PORTC, GPIO_PIN0);
0x3002      	MOVLW      2
0x00A4      	MOVWF      FARG_LED_On_Port
0x01A5      	CLRF       FARG_LED_On_Pin
0x2217      	CALL       _LED_On
;main.c,33 :: 		Delay_ms(200);
0x3003      	MOVLW      3
0x00FB      	MOVWF      R11
0x3008      	MOVLW      8
0x00FC      	MOVWF      R12
0x3077      	MOVLW      119
0x00FD      	MOVWF      R13
L_main8:
0x0BFD      	DECFSZ     R13, 1
0x2A63      	GOTO       L_main8
0x0BFC      	DECFSZ     R12, 1
0x2A63      	GOTO       L_main8
0x0BFB      	DECFSZ     R11, 1
0x2A63      	GOTO       L_main8
;main.c,34 :: 		LED_Off(GPIO_PORTB, GPIO_PIN1);
0x3001      	MOVLW      1
0x00A4      	MOVWF      FARG_LED_Off_Port
0x3001      	MOVLW      1
0x00A5      	MOVWF      FARG_LED_Off_Pin
0x2205      	CALL       _LED_Off
;main.c,35 :: 		LED_Off(GPIO_PORTC, GPIO_PIN0);
0x3002      	MOVLW      2
0x00A4      	MOVWF      FARG_LED_Off_Port
0x01A5      	CLRF       FARG_LED_Off_Pin
0x2205      	CALL       _LED_Off
;main.c,36 :: 		Delay_ms(200);
0x3003      	MOVLW      3
0x00FB      	MOVWF      R11
0x3008      	MOVLW      8
0x00FC      	MOVWF      R12
0x3077      	MOVLW      119
0x00FD      	MOVWF      R13
L_main9:
0x0BFD      	DECFSZ     R13, 1
0x2A78      	GOTO       L_main9
0x0BFC      	DECFSZ     R12, 1
0x2A78      	GOTO       L_main9
0x0BFB      	DECFSZ     R11, 1
0x2A78      	GOTO       L_main9
;main.c,37 :: 		}
0x2ABD      	GOTO       L_main10
L_main7:
;main.c,38 :: 		else if(!switch2 && switch1)
0x0823      	MOVF       main_switch2_L1, 0
0x1D03      	BTFSS      STATUS, 2
0x2AB4      	GOTO       L_main13
0x0822      	MOVF       main_switch1_L1, 0
0x1903      	BTFSC      STATUS, 2
0x2AB4      	GOTO       L_main13
L__main17:
;main.c,40 :: 		LED_On(GPIO_PORTB, GPIO_PIN1);
0x3001      	MOVLW      1
0x00A4      	MOVWF      FARG_LED_On_Port
0x3001      	MOVLW      1
0x00A5      	MOVWF      FARG_LED_On_Pin
0x2217      	CALL       _LED_On
;main.c,41 :: 		LED_On(GPIO_PORTC, GPIO_PIN0);
0x3002      	MOVLW      2
0x00A4      	MOVWF      FARG_LED_On_Port
0x01A5      	CLRF       FARG_LED_On_Pin
0x2217      	CALL       _LED_On
;main.c,42 :: 		Delay_ms(500);
0x3006      	MOVLW      6
0x00FB      	MOVWF      R11
0x3013      	MOVLW      19
0x00FC      	MOVWF      R12
0x30AD      	MOVLW      173
0x00FD      	MOVWF      R13
L_main14:
0x0BFD      	DECFSZ     R13, 1
0x2A94      	GOTO       L_main14
0x0BFC      	DECFSZ     R12, 1
0x2A94      	GOTO       L_main14
0x0BFB      	DECFSZ     R11, 1
0x2A94      	GOTO       L_main14
0x0000      	NOP
0x0000      	NOP
;main.c,43 :: 		LED_Off(GPIO_PORTB, GPIO_PIN1);
0x3001      	MOVLW      1
0x00A4      	MOVWF      FARG_LED_Off_Port
0x3001      	MOVLW      1
0x00A5      	MOVWF      FARG_LED_Off_Pin
0x2205      	CALL       _LED_Off
;main.c,44 :: 		LED_Off(GPIO_PORTC, GPIO_PIN0);
0x3002      	MOVLW      2
0x00A4      	MOVWF      FARG_LED_Off_Port
0x01A5      	CLRF       FARG_LED_Off_Pin
0x2205      	CALL       _LED_Off
;main.c,45 :: 		Delay_ms(500);
0x3006      	MOVLW      6
0x00FB      	MOVWF      R11
0x3013      	MOVLW      19
0x00FC      	MOVWF      R12
0x30AD      	MOVLW      173
0x00FD      	MOVWF      R13
L_main15:
0x0BFD      	DECFSZ     R13, 1
0x2AAB      	GOTO       L_main15
0x0BFC      	DECFSZ     R12, 1
0x2AAB      	GOTO       L_main15
0x0BFB      	DECFSZ     R11, 1
0x2AAB      	GOTO       L_main15
0x0000      	NOP
0x0000      	NOP
;main.c,46 :: 		}
0x2ABD      	GOTO       L_main16
L_main13:
;main.c,49 :: 		LED_Off(GPIO_PORTB, GPIO_PIN1);
0x3001      	MOVLW      1
0x00A4      	MOVWF      FARG_LED_Off_Port
0x3001      	MOVLW      1
0x00A5      	MOVWF      FARG_LED_Off_Pin
0x2205      	CALL       _LED_Off
;main.c,50 :: 		LED_Off(GPIO_PORTC, GPIO_PIN0);
0x3002      	MOVLW      2
0x00A4      	MOVWF      FARG_LED_Off_Port
0x01A5      	CLRF       FARG_LED_Off_Pin
0x2205      	CALL       _LED_Off
;main.c,51 :: 		}
L_main16:
L_main10:
;main.c,52 :: 		}
0x2A41      	GOTO       L_main3
;main.c,53 :: 		}
L_end_main:
0x2ABE      	GOTO       $+0
; end of _main
Symbol List:
//** Routines locations **
//ADDRESS    SIZE    PROCEDURE
//----------------------------------------------
0x0003     [193]    _GPIO_SetPinValue
0x00C4      [99]    _GPIO_GetPinValue
0x0127     [212]    _GPIO_SetPinDirection
0x01FB      [10]    _SWITCH_Init
0x0205       [9]    _LED_Off
0x020E       [9]    _LED_Init
0x0217      [10]    _LED_On
0x0221       [8]    _SWITCH_STATE
0x0229     [150]    _main
//** Variables locations ** 
//ADDRESS    SIZE    VARIABLE
//----------------------------------------------
0x0000       [1]    INDF
0x0003       [1]    STATUS
0x0004       [1]    FSR
0x000A       [1]    PCLATH
0x0020       [2]    ___DoICPAddr
0x0022       [1]    main_switch1_L1
0x0023       [1]    main_switch2_L1
0x0024       [1]    FARG_SWITCH_Init_Port
0x0024       [1]    FARG_LED_Off_Port
0x0024       [1]    FARG_LED_Init_Port
0x0024       [1]    FARG_SWITCH_STATE_Port
0x0024       [1]    FARG_LED_On_Port
0x0025       [1]    FARG_SWITCH_STATE_Pin
0x0025       [1]    FARG_LED_On_Pin
0x0025       [1]    FARG_LED_Off_Pin
0x0025       [1]    FARG_LED_Init_Pin
0x0025       [1]    FARG_SWITCH_Init_Pin
0x0026       [1]    FARG_GPIO_GetPinValue_Port
0x0026       [1]    FARG_GPIO_SetPinDirection_Port
0x0026       [1]    FARG_GPIO_SetPinValue_Port
0x0027       [1]    FARG_GPIO_SetPinValue_Pin
0x0027       [1]    FARG_GPIO_SetPinDirection_Pin
0x0027       [1]    FARG_GPIO_GetPinValue_Pin
0x0028       [1]    FARG_GPIO_SetPinValue_Value
0x0028       [1]    FARG_GPIO_SetPinDirection_Direction
0x0028       [1]    GPIO_GetPinValue_Local_Value_L0
0x0070       [1]    R0
0x0071       [1]    R1
0x0072       [1]    R2
0x0073       [1]    R3
0x0074       [1]    R4
0x0075       [1]    R5
0x0076       [1]    R6
0x0077       [1]    R7
0x0078       [1]    R8
0x0079       [1]    R9
0x007A       [1]    R10
0x007B       [1]    R11
0x007C       [1]    R12
0x007D       [1]    R13
0x007E       [1]    R14
0x007F       [1]    R15
